Test run started. Output will be saved to: test_run_20250715_111146.log
=====================================================
Starting test with 100 iterations...
--- Running Test Iteration: 1/100 ---
-> Generating code...
-> Running application with assertions...
-> Iteration 1: SUCCESS
--- Running Test Iteration: 2/100 ---
-> Generating code...
-> Running application with assertions...
-> Iteration 2: SUCCESS
--- Running Test Iteration: 3/100 ---
-> Generating code...
-> Running application with assertions...
-> Iteration 3: SUCCESS
--- Running Test Iteration: 4/100 ---
-> Generating code...
-> Running application with assertions...
-> Iteration 4: SUCCESS
--- Running Test Iteration: 5/100 ---
-> Generating code...
-> Running application with assertions...
-> Iteration 5: SUCCESS
--- Running Test Iteration: 6/100 ---
-> Generating code...
-> Running application with assertions...
-> Iteration 6: SUCCESS
--- Running Test Iteration: 7/100 ---
-> Generating code...
-> Running application with assertions...
-> Iteration 7: SUCCESS
--- Running Test Iteration: 8/100 ---
-> Generating code...
-> Running application with assertions...
-> Iteration 8: SUCCESS
--- Running Test Iteration: 9/100 ---
-> Generating code...
-> Running application with assertions...
-> Iteration 9: SUCCESS
--- Running Test Iteration: 10/100 ---
-> Generating code...
-> Running application with assertions...
-> Iteration 10: SUCCESS
--- Running Test Iteration: 11/100 ---
-> Generating code...
-> Running application with assertions...
[ERROR] 'bun run start' exited with a non-zero status at iteration 11, indicating a test failure.
--- Run Log ---
$ bun src/index.ts
--- Application Start ---
21 | 
22 |     public get<K extends keyof ServiceMap>(identifier: K): ServiceMap[K] {
23 |         if (!this.instances.has(identifier)) {
24 |             const factory = this.factories[identifier];
25 |             if (!factory) {
26 |                 throw new Error('Service not found for identifier: ' + identifier);
                           ^
error: Service not found for identifier: UserService
      at get (/Users/shiheng/project/AetherScript/demo/src/generated/container.ts:26:23)
      at main (/Users/shiheng/project/AetherScript/demo/src/index.ts:15:44)
      at main (/Users/shiheng/project/AetherScript/demo/src/index.ts:6:20)
      at /Users/shiheng/project/AetherScript/demo/src/index.ts:75:1
      at loadAndEvaluateModule (2:1)

Bun v1.2.16 (macOS arm64)
error: script "start" exited with code 1
--------------- 
-> Iteration 11: FAILED
--- Running Test Iteration: 12/100 ---
-> Generating code...
-> Running application with assertions...
-> Iteration 12: SUCCESS
--- Running Test Iteration: 13/100 ---
-> Generating code...
-> Running application with assertions...
-> Iteration 13: SUCCESS
--- Running Test Iteration: 14/100 ---
-> Generating code...
-> Running application with assertions...
-> Iteration 14: SUCCESS
--- Running Test Iteration: 15/100 ---
-> Generating code...
-> Running application with assertions...
[ERROR] 'bun run start' exited with a non-zero status at iteration 15, indicating a test failure.
--- Run Log ---
$ bun src/index.ts
--- Application Start ---
21 | 
22 |     public get<K extends keyof ServiceMap>(identifier: K): ServiceMap[K] {
23 |         if (!this.instances.has(identifier)) {
24 |             const factory = this.factories[identifier];
25 |             if (!factory) {
26 |                 throw new Error('Service not found for identifier: ' + identifier);
                           ^
error: Service not found for identifier: UserService
      at get (/Users/shiheng/project/AetherScript/demo/src/generated/container.ts:26:23)
      at main (/Users/shiheng/project/AetherScript/demo/src/index.ts:15:44)
      at main (/Users/shiheng/project/AetherScript/demo/src/index.ts:6:20)
      at /Users/shiheng/project/AetherScript/demo/src/index.ts:75:1
      at loadAndEvaluateModule (2:1)

Bun v1.2.16 (macOS arm64)
error: script "start" exited with code 1
--------------- 
-> Iteration 15: FAILED
--- Running Test Iteration: 16/100 ---
-> Generating code...
-> Running application with assertions...
-> Iteration 16: SUCCESS
--- Running Test Iteration: 17/100 ---
-> Generating code...
-> Running application with assertions...
[ERROR] 'bun run start' exited with a non-zero status at iteration 17, indicating a test failure.
--- Run Log ---
$ bun src/index.ts
--- Application Start ---
21 | 
22 |     public get<K extends keyof ServiceMap>(identifier: K): ServiceMap[K] {
23 |         if (!this.instances.has(identifier)) {
24 |             const factory = this.factories[identifier];
25 |             if (!factory) {
26 |                 throw new Error('Service not found for identifier: ' + identifier);
                           ^
error: Service not found for identifier: UserService
      at get (/Users/shiheng/project/AetherScript/demo/src/generated/container.ts:26:23)
      at main (/Users/shiheng/project/AetherScript/demo/src/index.ts:15:44)
      at main (/Users/shiheng/project/AetherScript/demo/src/index.ts:6:20)
      at /Users/shiheng/project/AetherScript/demo/src/index.ts:75:1
      at loadAndEvaluateModule (2:1)

Bun v1.2.16 (macOS arm64)
error: script "start" exited with code 1
--------------- 
-> Iteration 17: FAILED
--- Running Test Iteration: 18/100 ---
-> Generating code...
-> Running application with assertions...
-> Iteration 18: SUCCESS
--- Running Test Iteration: 19/100 ---
-> Generating code...
-> Running application with assertions...
[ERROR] 'bun run start' exited with a non-zero status at iteration 19, indicating a test failure.
--- Run Log ---
$ bun src/index.ts
--- Application Start ---
UserService has been injected into UserController.

--- Testing Happy Path ---
[SUCCESS] Happy path test passed.
------------------------

--- Testing Validation ---
[FAIL] Test case 'Invalid name (too short)' failed: AssertionError [ERR_ASSERTION]: 'Invalid name (too short)' should not be findable after a failed creation.
[32m+ actual[39m [31m- expected[39m

[32m+[39m User {
[32m+[39m   age: 30,
[32m+[39m   name: 'Al'
[32m+[39m }
[31m-[39m undefined

    at main (/Users/shiheng/project/AetherScript/demo/src/index.ts:54:20)
    at main (/Users/shiheng/project/AetherScript/demo/src/index.ts:6:20)
    at /Users/shiheng/project/AetherScript/demo/src/index.ts:75
    at moduleEvaluation (native:1:11)
    at moduleEvaluation (native:1:11)
    at loadAndEvaluateModule (native:2)
    at processTicksAndRejections (native:7:39) {
  generatedMessage: false,
  actual: [User],
  expected: undefined,
  operator: 'strictEqual',
  code: 'ERR_ASSERTION'
}
[FAIL] Test case 'Invalid name (too long)' failed: AssertionError [ERR_ASSERTION]: 'Invalid name (too long)' should not be findable after a failed creation.
[32m+ actual[39m [31m- expected[39m

[32m+[39m User {
[32m+[39m   age: 30,
[32m+[39m   name: 'ThisNameIsWayTooLongToBeValid'
[32m+[39m }
[31m-[39m undefined

    at main (/Users/shiheng/project/AetherScript/demo/src/index.ts:54:20)
    at main (/Users/shiheng/project/AetherScript/demo/src/index.ts:6:20)
    at /Users/shiheng/project/AetherScript/demo/src/index.ts:75
    at moduleEvaluation (native:1:11)
    at moduleEvaluation (native:1:11)
    at loadAndEvaluateModule (native:2)
    at processTicksAndRejections (native:7:39) {
  generatedMessage: false,
  actual: [User],
  expected: undefined,
  operator: 'strictEqual',
  code: 'ERR_ASSERTION'
}
[FAIL] Test case 'Invalid age (negative)' failed: AssertionError [ERR_ASSERTION]: 'Invalid age (negative)' should not be findable after a failed creation.
[32m+ actual[39m [31m- expected[39m

[32m+[39m User {
[32m+[39m   age: -1,
[32m+[39m   name: 'Bob'
[32m+[39m }
[31m-[39m undefined

    at main (/Users/shiheng/project/AetherScript/demo/src/index.ts:54:20)
    at main (/Users/shiheng/project/AetherScript/demo/src/index.ts:6:20)
    at /Users/shiheng/project/AetherScript/demo/src/index.ts:75
    at moduleEvaluation (native:1:11)
    at moduleEvaluation (native:1:11)
    at loadAndEvaluateModule (native:2)
    at processTicksAndRejections (native:7:39) {
  generatedMessage: false,
  actual: [User],
  expected: undefined,
  operator: 'strictEqual',
  code: 'ERR_ASSERTION'
}
[FAIL] Test case 'Invalid age (too high)' failed: AssertionError [ERR_ASSERTION]: 'Invalid age (too high)' should not be findable after a failed creation.
[32m+ actual[39m [31m- expected[39m

[32m+[39m User {
[32m+[39m   age: 121,
[32m+[39m   name: 'Charlie'
[32m+[39m }
[31m-[39m undefined

    at main (/Users/shiheng/project/AetherScript/demo/src/index.ts:54:20)
    at main (/Users/shiheng/project/AetherScript/demo/src/index.ts:6:20)
    at /Users/shiheng/project/AetherScript/demo/src/index.ts:75
    at moduleEvaluation (native:1:11)
    at moduleEvaluation (native:1:11)
    at loadAndEvaluateModule (native:2)
    at processTicksAndRejections (native:7:39) {
  generatedMessage: false,
  actual: [User],
  expected: undefined,
  operator: 'strictEqual',
  code: 'ERR_ASSERTION'
}
--------------------------

--- Test Run Summary ---
[FAIL] 4 test(s) failed.
error: script "start" exited with code 1
--------------- 
-> Iteration 19: FAILED
--- Running Test Iteration: 20/100 ---
-> Generating code...
-> Running application with assertions...
-> Iteration 20: SUCCESS
--- Running Test Iteration: 21/100 ---
-> Generating code...
-> Running application with assertions...
[ERROR] 'bun run start' exited with a non-zero status at iteration 21, indicating a test failure.
--- Run Log ---
$ bun src/index.ts
--- Application Start ---
21 | 
22 |     public get<K extends keyof ServiceMap>(identifier: K): ServiceMap[K] {
23 |         if (!this.instances.has(identifier)) {
24 |             const factory = this.factories[identifier];
25 |             if (!factory) {
26 |                 throw new Error('Service not found for identifier: ' + identifier);
                           ^
error: Service not found for identifier: UserService
      at get (/Users/shiheng/project/AetherScript/demo/src/generated/container.ts:26:23)
      at main (/Users/shiheng/project/AetherScript/demo/src/index.ts:15:44)
      at main (/Users/shiheng/project/AetherScript/demo/src/index.ts:6:20)
      at /Users/shiheng/project/AetherScript/demo/src/index.ts:75:1
      at loadAndEvaluateModule (2:1)

Bun v1.2.16 (macOS arm64)
error: script "start" exited with code 1
--------------- 
-> Iteration 21: FAILED
--- Running Test Iteration: 22/100 ---
-> Generating code...
-> Running application with assertions...
-> Iteration 22: SUCCESS
--- Running Test Iteration: 23/100 ---
-> Generating code...
-> Running application with assertions...
-> Iteration 23: SUCCESS
--- Running Test Iteration: 24/100 ---
-> Generating code...
-> Running application with assertions...
-> Iteration 24: SUCCESS
--- Running Test Iteration: 25/100 ---
-> Generating code...
-> Running application with assertions...
[ERROR] 'bun run start' exited with a non-zero status at iteration 25, indicating a test failure.
--- Run Log ---
$ bun src/index.ts
--- Application Start ---
21 | 
22 |     public get<K extends keyof ServiceMap>(identifier: K): ServiceMap[K] {
23 |         if (!this.instances.has(identifier)) {
24 |             const factory = this.factories[identifier];
25 |             if (!factory) {
26 |                 throw new Error('Service not found for identifier: ' + identifier);
                           ^
error: Service not found for identifier: UserService
      at get (/Users/shiheng/project/AetherScript/demo/src/generated/container.ts:26:23)
      at main (/Users/shiheng/project/AetherScript/demo/src/index.ts:15:44)
      at main (/Users/shiheng/project/AetherScript/demo/src/index.ts:6:20)
      at /Users/shiheng/project/AetherScript/demo/src/index.ts:75:1
      at loadAndEvaluateModule (2:1)

Bun v1.2.16 (macOS arm64)
error: script "start" exited with code 1
--------------- 
-> Iteration 25: FAILED
--- Running Test Iteration: 26/100 ---
-> Generating code...
-> Running application with assertions...
[ERROR] 'bun run start' exited with a non-zero status at iteration 26, indicating a test failure.
--- Run Log ---
$ bun src/index.ts
--- Application Start ---
21 | 
22 |     public get<K extends keyof ServiceMap>(identifier: K): ServiceMap[K] {
23 |         if (!this.instances.has(identifier)) {
24 |             const factory = this.factories[identifier];
25 |             if (!factory) {
26 |                 throw new Error('Service not found for identifier: ' + identifier);
                           ^
error: Service not found for identifier: UserService
      at get (/Users/shiheng/project/AetherScript/demo/src/generated/container.ts:26:23)
      at main (/Users/shiheng/project/AetherScript/demo/src/index.ts:15:44)
      at main (/Users/shiheng/project/AetherScript/demo/src/index.ts:6:20)
      at /Users/shiheng/project/AetherScript/demo/src/index.ts:75:1
      at loadAndEvaluateModule (2:1)

Bun v1.2.16 (macOS arm64)
error: script "start" exited with code 1
--------------- 
-> Iteration 26: FAILED
--- Running Test Iteration: 27/100 ---
-> Generating code...
-> Running application with assertions...
[ERROR] 'bun run start' exited with a non-zero status at iteration 27, indicating a test failure.
--- Run Log ---
$ bun src/index.ts
--- Application Start ---
21 | 
22 |     public get<K extends keyof ServiceMap>(identifier: K): ServiceMap[K] {
23 |         if (!this.instances.has(identifier)) {
24 |             const factory = this.factories[identifier];
25 |             if (!factory) {
26 |                 throw new Error('Service not found for identifier: ' + identifier);
                           ^
error: Service not found for identifier: UserService
      at get (/Users/shiheng/project/AetherScript/demo/src/generated/container.ts:26:23)
      at main (/Users/shiheng/project/AetherScript/demo/src/index.ts:15:44)
      at main (/Users/shiheng/project/AetherScript/demo/src/index.ts:6:20)
      at /Users/shiheng/project/AetherScript/demo/src/index.ts:75:1
      at loadAndEvaluateModule (2:1)

Bun v1.2.16 (macOS arm64)
error: script "start" exited with code 1
--------------- 
-> Iteration 27: FAILED
--- Running Test Iteration: 28/100 ---
-> Generating code...
-> Running application with assertions...
[ERROR] 'bun run start' exited with a non-zero status at iteration 28, indicating a test failure.
--- Run Log ---
$ bun src/index.ts
--- Application Start ---
22 | 
23 |     public get<K extends keyof ServiceMap>(identifier: K): ServiceMap[K] {
24 |         if (!this.instances.has(identifier)) {
25 |             const factory = this.factories[identifier];
26 |             if (!factory) {
27 |                 throw new Error('Service not found for identifier: ' + identifier);
                           ^
error: Service not found for identifier: DB
      at get (/Users/shiheng/project/AetherScript/demo/src/generated/container.ts:27:23)
      at UserService (/Users/shiheng/project/AetherScript/demo/src/generated/container.ts:17:32)
      at get (/Users/shiheng/project/AetherScript/demo/src/generated/container.ts:29:30)
      at main (/Users/shiheng/project/AetherScript/demo/src/index.ts:15:44)
      at main (/Users/shiheng/project/AetherScript/demo/src/index.ts:6:20)
      at /Users/shiheng/project/AetherScript/demo/src/index.ts:75:1
      at loadAndEvaluateModule (2:1)

Bun v1.2.16 (macOS arm64)
error: script "start" exited with code 1
--------------- 
-> Iteration 28: FAILED
--- Running Test Iteration: 29/100 ---
-> Generating code...
-> Running application with assertions...
[ERROR] 'bun run start' exited with a non-zero status at iteration 29, indicating a test failure.
--- Run Log ---
$ bun src/index.ts
--- Application Start ---
21 | 
22 |     public get<K extends keyof ServiceMap>(identifier: K): ServiceMap[K] {
23 |         if (!this.instances.has(identifier)) {
24 |             const factory = this.factories[identifier];
25 |             if (!factory) {
26 |                 throw new Error('Service not found for identifier: ' + identifier);
                           ^
error: Service not found for identifier: UserService
      at get (/Users/shiheng/project/AetherScript/demo/src/generated/container.ts:26:23)
      at main (/Users/shiheng/project/AetherScript/demo/src/index.ts:15:44)
      at main (/Users/shiheng/project/AetherScript/demo/src/index.ts:6:20)
      at /Users/shiheng/project/AetherScript/demo/src/index.ts:75:1
      at loadAndEvaluateModule (2:1)

Bun v1.2.16 (macOS arm64)
error: script "start" exited with code 1
--------------- 
-> Iteration 29: FAILED
--- Running Test Iteration: 30/100 ---
-> Generating code...
-> Running application with assertions...
-> Iteration 30: SUCCESS
--- Running Test Iteration: 31/100 ---
-> Generating code...
-> Running application with assertions...
[ERROR] 'bun run start' exited with a non-zero status at iteration 31, indicating a test failure.
--- Run Log ---
$ bun src/index.ts
1 | (function (entry, fetcher)
              ^
SyntaxError: Export named 'UserServiceImpl' not found in module '/Users/shiheng/project/AetherScript/demo/src/generated/userservice.service.impl.ts'. Did you mean to import default?
      at loadAndEvaluateModule (1:11)

Bun v1.2.16 (macOS arm64)
error: script "start" exited with code 1
--------------- 
-> Iteration 31: FAILED
--- Running Test Iteration: 32/100 ---
-> Generating code...
-> Running application with assertions...
[ERROR] 'bun run start' exited with a non-zero status at iteration 32, indicating a test failure.
--- Run Log ---
$ bun src/index.ts
--- Application Start ---
UserService has been injected into UserController.

--- Testing Happy Path ---
[SUCCESS] Happy path test passed.
------------------------

--- Testing Validation ---
[FAIL] Test case 'Invalid name (too short)' failed: AssertionError [ERR_ASSERTION]: 'Invalid name (too short)' should not be findable after a failed creation.
[32m+ actual[39m [31m- expected[39m

[32m+[39m User {
[32m+[39m   age: 30,
[32m+[39m   name: 'Al'
[32m+[39m }
[31m-[39m undefined

    at main (/Users/shiheng/project/AetherScript/demo/src/index.ts:54:20)
    at main (/Users/shiheng/project/AetherScript/demo/src/index.ts:6:20)
    at /Users/shiheng/project/AetherScript/demo/src/index.ts:75
    at moduleEvaluation (native:1:11)
    at moduleEvaluation (native:1:11)
    at loadAndEvaluateModule (native:2)
    at processTicksAndRejections (native:7:39) {
  generatedMessage: false,
  actual: [User],
  expected: undefined,
  operator: 'strictEqual',
  code: 'ERR_ASSERTION'
}
[FAIL] Test case 'Invalid name (too long)' failed: AssertionError [ERR_ASSERTION]: 'Invalid name (too long)' should not be findable after a failed creation.
[32m+ actual[39m [31m- expected[39m

[32m+[39m User {
[32m+[39m   age: 30,
[32m+[39m   name: 'ThisNameIsWayTooLongToBeValid'
[32m+[39m }
[31m-[39m undefined

    at main (/Users/shiheng/project/AetherScript/demo/src/index.ts:54:20)
    at main (/Users/shiheng/project/AetherScript/demo/src/index.ts:6:20)
    at /Users/shiheng/project/AetherScript/demo/src/index.ts:75
    at moduleEvaluation (native:1:11)
    at moduleEvaluation (native:1:11)
    at loadAndEvaluateModule (native:2)
    at processTicksAndRejections (native:7:39) {
  generatedMessage: false,
  actual: [User],
  expected: undefined,
  operator: 'strictEqual',
  code: 'ERR_ASSERTION'
}
[FAIL] Test case 'Invalid age (negative)' failed: AssertionError [ERR_ASSERTION]: 'Invalid age (negative)' should not be findable after a failed creation.
[32m+ actual[39m [31m- expected[39m

[32m+[39m User {
[32m+[39m   age: -1,
[32m+[39m   name: 'Bob'
[32m+[39m }
[31m-[39m undefined

    at main (/Users/shiheng/project/AetherScript/demo/src/index.ts:54:20)
    at main (/Users/shiheng/project/AetherScript/demo/src/index.ts:6:20)
    at /Users/shiheng/project/AetherScript/demo/src/index.ts:75
    at moduleEvaluation (native:1:11)
    at moduleEvaluation (native:1:11)
    at loadAndEvaluateModule (native:2)
    at processTicksAndRejections (native:7:39) {
  generatedMessage: false,
  actual: [User],
  expected: undefined,
  operator: 'strictEqual',
  code: 'ERR_ASSERTION'
}
[FAIL] Test case 'Invalid age (too high)' failed: AssertionError [ERR_ASSERTION]: 'Invalid age (too high)' should not be findable after a failed creation.
[32m+ actual[39m [31m- expected[39m

[32m+[39m User {
[32m+[39m   age: 121,
[32m+[39m   name: 'Charlie'
[32m+[39m }
[31m-[39m undefined

    at main (/Users/shiheng/project/AetherScript/demo/src/index.ts:54:20)
    at main (/Users/shiheng/project/AetherScript/demo/src/index.ts:6:20)
    at /Users/shiheng/project/AetherScript/demo/src/index.ts:75
    at moduleEvaluation (native:1:11)
    at moduleEvaluation (native:1:11)
    at loadAndEvaluateModule (native:2)
    at processTicksAndRejections (native:7:39) {
  generatedMessage: false,
  actual: [User],
  expected: undefined,
  operator: 'strictEqual',
  code: 'ERR_ASSERTION'
}
--------------------------

--- Test Run Summary ---
[FAIL] 4 test(s) failed.
error: script "start" exited with code 1
--------------- 
-> Iteration 32: FAILED
--- Running Test Iteration: 33/100 ---
-> Generating code...
-> Running application with assertions...
[ERROR] 'bun run start' exited with a non-zero status at iteration 33, indicating a test failure.
--- Run Log ---
$ bun src/index.ts
--- Application Start ---
21 | 
22 |     public get<K extends keyof ServiceMap>(identifier: K): ServiceMap[K] {
23 |         if (!this.instances.has(identifier)) {
24 |             const factory = this.factories[identifier];
25 |             if (!factory) {
26 |                 throw new Error('Service not found for identifier: ' + identifier);
                           ^
error: Service not found for identifier: UserService
      at get (/Users/shiheng/project/AetherScript/demo/src/generated/container.ts:26:23)
      at main (/Users/shiheng/project/AetherScript/demo/src/index.ts:15:44)
      at main (/Users/shiheng/project/AetherScript/demo/src/index.ts:6:20)
      at /Users/shiheng/project/AetherScript/demo/src/index.ts:75:1
      at loadAndEvaluateModule (2:1)

Bun v1.2.16 (macOS arm64)
error: script "start" exited with code 1
--------------- 
-> Iteration 33: FAILED
--- Running Test Iteration: 34/100 ---
-> Generating code...
-> Running application with assertions...
[ERROR] 'bun run start' exited with a non-zero status at iteration 34, indicating a test failure.
--- Run Log ---
$ bun src/index.ts
--- Application Start ---
21 | 
22 |     public get<K extends keyof ServiceMap>(identifier: K): ServiceMap[K] {
23 |         if (!this.instances.has(identifier)) {
24 |             const factory = this.factories[identifier];
25 |             if (!factory) {
26 |                 throw new Error('Service not found for identifier: ' + identifier);
                           ^
error: Service not found for identifier: UserService
      at get (/Users/shiheng/project/AetherScript/demo/src/generated/container.ts:26:23)
      at main (/Users/shiheng/project/AetherScript/demo/src/index.ts:15:44)
      at main (/Users/shiheng/project/AetherScript/demo/src/index.ts:6:20)
      at /Users/shiheng/project/AetherScript/demo/src/index.ts:75:1
      at loadAndEvaluateModule (2:1)

Bun v1.2.16 (macOS arm64)
error: script "start" exited with code 1
--------------- 
-> Iteration 34: FAILED
--- Running Test Iteration: 35/100 ---
-> Generating code...
-> Running application with assertions...
[ERROR] 'bun run start' exited with a non-zero status at iteration 35, indicating a test failure.
--- Run Log ---
$ bun src/index.ts
--- Application Start ---
22 | 
23 |     public get<K extends keyof ServiceMap>(identifier: K): ServiceMap[K] {
24 |         if (!this.instances.has(identifier)) {
25 |             const factory = this.factories[identifier];
26 |             if (!factory) {
27 |                 throw new Error('Service not found for identifier: ' + identifier);
                           ^
error: Service not found for identifier: DB
      at get (/Users/shiheng/project/AetherScript/demo/src/generated/container.ts:27:23)
      at UserService (/Users/shiheng/project/AetherScript/demo/src/generated/container.ts:17:32)
      at get (/Users/shiheng/project/AetherScript/demo/src/generated/container.ts:29:30)
      at main (/Users/shiheng/project/AetherScript/demo/src/index.ts:15:44)
      at main (/Users/shiheng/project/AetherScript/demo/src/index.ts:6:20)
      at /Users/shiheng/project/AetherScript/demo/src/index.ts:75:1
      at loadAndEvaluateModule (2:1)

Bun v1.2.16 (macOS arm64)
error: script "start" exited with code 1
--------------- 
-> Iteration 35: FAILED
--- Running Test Iteration: 36/100 ---
-> Generating code...
-> Running application with assertions...
-> Iteration 36: SUCCESS
--- Running Test Iteration: 37/100 ---
-> Generating code...
-> Running application with assertions...
-> Iteration 37: SUCCESS
--- Running Test Iteration: 38/100 ---
-> Generating code...
-> Running application with assertions...
[ERROR] 'bun run start' exited with a non-zero status at iteration 38, indicating a test failure.
--- Run Log ---
$ bun src/index.ts
--- Application Start ---
21 | 
22 |     public get<K extends keyof ServiceMap>(identifier: K): ServiceMap[K] {
23 |         if (!this.instances.has(identifier)) {
24 |             const factory = this.factories[identifier];
25 |             if (!factory) {
26 |                 throw new Error('Service not found for identifier: ' + identifier);
                           ^
error: Service not found for identifier: UserService
      at get (/Users/shiheng/project/AetherScript/demo/src/generated/container.ts:26:23)
      at main (/Users/shiheng/project/AetherScript/demo/src/index.ts:15:44)
      at main (/Users/shiheng/project/AetherScript/demo/src/index.ts:6:20)
      at /Users/shiheng/project/AetherScript/demo/src/index.ts:75:1
      at loadAndEvaluateModule (2:1)

Bun v1.2.16 (macOS arm64)
error: script "start" exited with code 1
--------------- 
-> Iteration 38: FAILED
--- Running Test Iteration: 39/100 ---
-> Generating code...
-> Running application with assertions...
-> Iteration 39: SUCCESS
--- Running Test Iteration: 40/100 ---
-> Generating code...
-> Running application with assertions...
-> Iteration 40: SUCCESS
--- Running Test Iteration: 41/100 ---
-> Generating code...
-> Running application with assertions...
[ERROR] 'bun run start' exited with a non-zero status at iteration 41, indicating a test failure.
--- Run Log ---
$ bun src/index.ts
--- Application Start ---
21 | 
22 |     public get<K extends keyof ServiceMap>(identifier: K): ServiceMap[K] {
23 |         if (!this.instances.has(identifier)) {
24 |             const factory = this.factories[identifier];
25 |             if (!factory) {
26 |                 throw new Error('Service not found for identifier: ' + identifier);
                           ^
error: Service not found for identifier: UserService
      at get (/Users/shiheng/project/AetherScript/demo/src/generated/container.ts:26:23)
      at main (/Users/shiheng/project/AetherScript/demo/src/index.ts:15:44)
      at main (/Users/shiheng/project/AetherScript/demo/src/index.ts:6:20)
      at /Users/shiheng/project/AetherScript/demo/src/index.ts:75:1
      at loadAndEvaluateModule (2:1)

Bun v1.2.16 (macOS arm64)
error: script "start" exited with code 1
--------------- 
-> Iteration 41: FAILED
--- Running Test Iteration: 42/100 ---
-> Generating code...
-> Running application with assertions...
[ERROR] 'bun run start' exited with a non-zero status at iteration 42, indicating a test failure.
--- Run Log ---
$ bun src/index.ts
--- Application Start ---
UserService has been injected into UserController.

--- Testing Happy Path ---
[SUCCESS] Happy path test passed.
------------------------

--- Testing Validation ---
[FAIL] Test case 'Invalid name (too short)' failed: AssertionError [ERR_ASSERTION]: 'Invalid name (too short)' should not be findable after a failed creation.
[32m+ actual[39m [31m- expected[39m

[32m+[39m User {
[32m+[39m   age: 30,
[32m+[39m   name: 'Al'
[32m+[39m }
[31m-[39m undefined

    at main (/Users/shiheng/project/AetherScript/demo/src/index.ts:54:20)
    at main (/Users/shiheng/project/AetherScript/demo/src/index.ts:6:20)
    at /Users/shiheng/project/AetherScript/demo/src/index.ts:75
    at moduleEvaluation (native:1:11)
    at moduleEvaluation (native:1:11)
    at loadAndEvaluateModule (native:2)
    at processTicksAndRejections (native:7:39) {
  generatedMessage: false,
  actual: [User],
  expected: undefined,
  operator: 'strictEqual',
  code: 'ERR_ASSERTION'
}
[FAIL] Test case 'Invalid name (too long)' failed: AssertionError [ERR_ASSERTION]: 'Invalid name (too long)' should not be findable after a failed creation.
[32m+ actual[39m [31m- expected[39m

[32m+[39m User {
[32m+[39m   age: 30,
[32m+[39m   name: 'ThisNameIsWayTooLongToBeValid'
[32m+[39m }
[31m-[39m undefined

    at main (/Users/shiheng/project/AetherScript/demo/src/index.ts:54:20)
    at main (/Users/shiheng/project/AetherScript/demo/src/index.ts:6:20)
    at /Users/shiheng/project/AetherScript/demo/src/index.ts:75
    at moduleEvaluation (native:1:11)
    at moduleEvaluation (native:1:11)
    at loadAndEvaluateModule (native:2)
    at processTicksAndRejections (native:7:39) {
  generatedMessage: false,
  actual: [User],
  expected: undefined,
  operator: 'strictEqual',
  code: 'ERR_ASSERTION'
}
[FAIL] Test case 'Invalid age (negative)' failed: AssertionError [ERR_ASSERTION]: 'Invalid age (negative)' should not be findable after a failed creation.
[32m+ actual[39m [31m- expected[39m

[32m+[39m User {
[32m+[39m   age: -1,
[32m+[39m   name: 'Bob'
[32m+[39m }
[31m-[39m undefined

    at main (/Users/shiheng/project/AetherScript/demo/src/index.ts:54:20)
    at main (/Users/shiheng/project/AetherScript/demo/src/index.ts:6:20)
    at /Users/shiheng/project/AetherScript/demo/src/index.ts:75
    at moduleEvaluation (native:1:11)
    at moduleEvaluation (native:1:11)
    at loadAndEvaluateModule (native:2)
    at processTicksAndRejections (native:7:39) {
  generatedMessage: false,
  actual: [User],
  expected: undefined,
  operator: 'strictEqual',
  code: 'ERR_ASSERTION'
}
[FAIL] Test case 'Invalid age (too high)' failed: AssertionError [ERR_ASSERTION]: 'Invalid age (too high)' should not be findable after a failed creation.
[32m+ actual[39m [31m- expected[39m

[32m+[39m User {
[32m+[39m   age: 121,
[32m+[39m   name: 'Charlie'
[32m+[39m }
[31m-[39m undefined

    at main (/Users/shiheng/project/AetherScript/demo/src/index.ts:54:20)
    at main (/Users/shiheng/project/AetherScript/demo/src/index.ts:6:20)
    at /Users/shiheng/project/AetherScript/demo/src/index.ts:75
    at moduleEvaluation (native:1:11)
    at moduleEvaluation (native:1:11)
    at loadAndEvaluateModule (native:2)
    at processTicksAndRejections (native:7:39) {
  generatedMessage: false,
  actual: [User],
  expected: undefined,
  operator: 'strictEqual',
  code: 'ERR_ASSERTION'
}
--------------------------

--- Test Run Summary ---
[FAIL] 4 test(s) failed.
error: script "start" exited with code 1
--------------- 
-> Iteration 42: FAILED
--- Running Test Iteration: 43/100 ---
-> Generating code...
-> Running application with assertions...
[ERROR] 'bun run start' exited with a non-zero status at iteration 43, indicating a test failure.
--- Run Log ---
$ bun src/index.ts
--- Application Start ---
22 | 
23 |     public get<K extends keyof ServiceMap>(identifier: K): ServiceMap[K] {
24 |         if (!this.instances.has(identifier)) {
25 |             const factory = this.factories[identifier];
26 |             if (!factory) {
27 |                 throw new Error('Service not found for identifier: ' + identifier);
                           ^
error: Service not found for identifier: DB
      at get (/Users/shiheng/project/AetherScript/demo/src/generated/container.ts:27:23)
      at UserService (/Users/shiheng/project/AetherScript/demo/src/generated/container.ts:17:32)
      at get (/Users/shiheng/project/AetherScript/demo/src/generated/container.ts:29:30)
      at main (/Users/shiheng/project/AetherScript/demo/src/index.ts:15:44)
      at main (/Users/shiheng/project/AetherScript/demo/src/index.ts:6:20)
      at /Users/shiheng/project/AetherScript/demo/src/index.ts:75:1
      at loadAndEvaluateModule (2:1)

Bun v1.2.16 (macOS arm64)
error: script "start" exited with code 1
--------------- 
-> Iteration 43: FAILED
--- Running Test Iteration: 44/100 ---
-> Generating code...
-> Running application with assertions...
-> Iteration 44: SUCCESS
--- Running Test Iteration: 45/100 ---
-> Generating code...
-> Running application with assertions...
[ERROR] 'bun run start' exited with a non-zero status at iteration 45, indicating a test failure.
--- Run Log ---
$ bun src/index.ts
1 | (function (entry, fetcher)
              ^
SyntaxError: Export named 'DBImpl' not found in module '/Users/shiheng/project/AetherScript/demo/src/generated/db.service.impl.ts'.
      at loadAndEvaluateModule (1:11)

Bun v1.2.16 (macOS arm64)
error: script "start" exited with code 1
--------------- 
-> Iteration 45: FAILED
--- Running Test Iteration: 46/100 ---
-> Generating code...
-> Running application with assertions...
[ERROR] 'bun run start' exited with a non-zero status at iteration 46, indicating a test failure.
--- Run Log ---
$ bun src/index.ts
--- Application Start ---
22 | 
23 |     public get<K extends keyof ServiceMap>(identifier: K): ServiceMap[K] {
24 |         if (!this.instances.has(identifier)) {
25 |             const factory = this.factories[identifier];
26 |             if (!factory) {
27 |                 throw new Error('Service not found for identifier: ' + identifier);
                           ^
error: Service not found for identifier: DB
      at get (/Users/shiheng/project/AetherScript/demo/src/generated/container.ts:27:23)
      at UserService (/Users/shiheng/project/AetherScript/demo/src/generated/container.ts:17:32)
      at get (/Users/shiheng/project/AetherScript/demo/src/generated/container.ts:29:30)
      at main (/Users/shiheng/project/AetherScript/demo/src/index.ts:15:44)
      at main (/Users/shiheng/project/AetherScript/demo/src/index.ts:6:20)
      at /Users/shiheng/project/AetherScript/demo/src/index.ts:75:1
      at loadAndEvaluateModule (2:1)

Bun v1.2.16 (macOS arm64)
error: script "start" exited with code 1
--------------- 
-> Iteration 46: FAILED
--- Running Test Iteration: 47/100 ---
-> Generating code...
-> Running application with assertions...
-> Iteration 47: SUCCESS
--- Running Test Iteration: 48/100 ---
-> Generating code...
-> Running application with assertions...
-> Iteration 48: SUCCESS
--- Running Test Iteration: 49/100 ---
-> Generating code...
-> Running application with assertions...
-> Iteration 49: SUCCESS
--- Running Test Iteration: 50/100 ---
-> Generating code...
-> Running application with assertions...
[ERROR] 'bun run start' exited with a non-zero status at iteration 50, indicating a test failure.
--- Run Log ---
$ bun src/index.ts
1 | (function (entry, fetcher)
              ^
SyntaxError: Export named 'UserServiceImpl' not found in module '/Users/shiheng/project/AetherScript/demo/src/generated/userservice.service.impl.ts'.
      at loadAndEvaluateModule (1:11)

Bun v1.2.16 (macOS arm64)
error: script "start" exited with code 1
--------------- 
-> Iteration 50: FAILED
--- Running Test Iteration: 51/100 ---
-> Generating code...
-> Running application with assertions...
-> Iteration 51: SUCCESS
--- Running Test Iteration: 52/100 ---
-> Generating code...
-> Running application with assertions...
-> Iteration 52: SUCCESS
--- Running Test Iteration: 53/100 ---
-> Generating code...
-> Running application with assertions...
-> Iteration 53: SUCCESS
--- Running Test Iteration: 54/100 ---
-> Generating code...
-> Running application with assertions...
-> Iteration 54: SUCCESS
--- Running Test Iteration: 55/100 ---
-> Generating code...
-> Running application with assertions...
[ERROR] 'bun run start' exited with a non-zero status at iteration 55, indicating a test failure.
--- Run Log ---
$ bun src/index.ts
--- Application Start ---
21 | 
22 |     public get<K extends keyof ServiceMap>(identifier: K): ServiceMap[K] {
23 |         if (!this.instances.has(identifier)) {
24 |             const factory = this.factories[identifier];
25 |             if (!factory) {
26 |                 throw new Error('Service not found for identifier: ' + identifier);
                           ^
error: Service not found for identifier: UserService
      at get (/Users/shiheng/project/AetherScript/demo/src/generated/container.ts:26:23)
      at main (/Users/shiheng/project/AetherScript/demo/src/index.ts:15:44)
      at main (/Users/shiheng/project/AetherScript/demo/src/index.ts:6:20)
      at /Users/shiheng/project/AetherScript/demo/src/index.ts:75:1
      at loadAndEvaluateModule (2:1)

Bun v1.2.16 (macOS arm64)
error: script "start" exited with code 1
--------------- 
-> Iteration 55: FAILED
--- Running Test Iteration: 56/100 ---
-> Generating code...
-> Running application with assertions...
-> Iteration 56: SUCCESS
--- Running Test Iteration: 57/100 ---
-> Generating code...
-> Running application with assertions...
-> Iteration 57: SUCCESS
--- Running Test Iteration: 58/100 ---
-> Generating code...
-> Running application with assertions...
-> Iteration 58: SUCCESS
--- Running Test Iteration: 59/100 ---
-> Generating code...
-> Running application with assertions...
[ERROR] 'bun run start' exited with a non-zero status at iteration 59, indicating a test failure.
--- Run Log ---
$ bun src/index.ts
--- Application Start ---
21 | 
22 |     public get<K extends keyof ServiceMap>(identifier: K): ServiceMap[K] {
23 |         if (!this.instances.has(identifier)) {
24 |             const factory = this.factories[identifier];
25 |             if (!factory) {
26 |                 throw new Error('Service not found for identifier: ' + identifier);
                           ^
error: Service not found for identifier: UserService
      at get (/Users/shiheng/project/AetherScript/demo/src/generated/container.ts:26:23)
      at main (/Users/shiheng/project/AetherScript/demo/src/index.ts:15:44)
      at main (/Users/shiheng/project/AetherScript/demo/src/index.ts:6:20)
      at /Users/shiheng/project/AetherScript/demo/src/index.ts:75:1
      at loadAndEvaluateModule (2:1)

Bun v1.2.16 (macOS arm64)
error: script "start" exited with code 1
--------------- 
-> Iteration 59: FAILED
--- Running Test Iteration: 60/100 ---
-> Generating code...
-> Running application with assertions...
-> Iteration 60: SUCCESS
--- Running Test Iteration: 61/100 ---
-> Generating code...
-> Running application with assertions...
[ERROR] 'bun run start' exited with a non-zero status at iteration 61, indicating a test failure.
--- Run Log ---
$ bun src/index.ts
--- Application Start ---
21 | 
22 |     public get<K extends keyof ServiceMap>(identifier: K): ServiceMap[K] {
23 |         if (!this.instances.has(identifier)) {
24 |             const factory = this.factories[identifier];
25 |             if (!factory) {
26 |                 throw new Error('Service not found for identifier: ' + identifier);
                           ^
error: Service not found for identifier: UserService
      at get (/Users/shiheng/project/AetherScript/demo/src/generated/container.ts:26:23)
      at main (/Users/shiheng/project/AetherScript/demo/src/index.ts:15:44)
      at main (/Users/shiheng/project/AetherScript/demo/src/index.ts:6:20)
      at /Users/shiheng/project/AetherScript/demo/src/index.ts:75:1
      at loadAndEvaluateModule (2:1)

Bun v1.2.16 (macOS arm64)
error: script "start" exited with code 1
--------------- 
-> Iteration 61: FAILED
--- Running Test Iteration: 62/100 ---
-> Generating code...
-> Running application with assertions...
-> Iteration 62: SUCCESS
--- Running Test Iteration: 63/100 ---
-> Generating code...
-> Running application with assertions...
-> Iteration 63: SUCCESS
--- Running Test Iteration: 64/100 ---
-> Generating code...
-> Running application with assertions...
-> Iteration 64: SUCCESS
--- Running Test Iteration: 65/100 ---
-> Generating code...
-> Running application with assertions...
[ERROR] 'bun run start' exited with a non-zero status at iteration 65, indicating a test failure.
--- Run Log ---
$ bun src/index.ts
--- Application Start ---
21 | 
22 |     public get<K extends keyof ServiceMap>(identifier: K): ServiceMap[K] {
23 |         if (!this.instances.has(identifier)) {
24 |             const factory = this.factories[identifier];
25 |             if (!factory) {
26 |                 throw new Error('Service not found for identifier: ' + identifier);
                           ^
error: Service not found for identifier: UserService
      at get (/Users/shiheng/project/AetherScript/demo/src/generated/container.ts:26:23)
      at main (/Users/shiheng/project/AetherScript/demo/src/index.ts:15:44)
      at main (/Users/shiheng/project/AetherScript/demo/src/index.ts:6:20)
      at /Users/shiheng/project/AetherScript/demo/src/index.ts:75:1
      at loadAndEvaluateModule (2:1)

Bun v1.2.16 (macOS arm64)
error: script "start" exited with code 1
--------------- 
-> Iteration 65: FAILED
--- Running Test Iteration: 66/100 ---
-> Generating code...
-> Running application with assertions...
[ERROR] 'bun run start' exited with a non-zero status at iteration 66, indicating a test failure.
--- Run Log ---
$ bun src/index.ts
--- Application Start ---
UserService has been injected into UserController.

--- Testing Happy Path ---
[SUCCESS] Happy path test passed.
------------------------

--- Testing Validation ---
[FAIL] Test case 'Invalid name (too short)' failed: AssertionError [ERR_ASSERTION]: 'Invalid name (too short)' should not be findable after a failed creation.
[32m+ actual[39m [31m- expected[39m

[32m+[39m User {
[32m+[39m   age: 30,
[32m+[39m   name: 'Al'
[32m+[39m }
[31m-[39m undefined

    at main (/Users/shiheng/project/AetherScript/demo/src/index.ts:54:20)
    at main (/Users/shiheng/project/AetherScript/demo/src/index.ts:6:20)
    at /Users/shiheng/project/AetherScript/demo/src/index.ts:75
    at moduleEvaluation (native:1:11)
    at moduleEvaluation (native:1:11)
    at loadAndEvaluateModule (native:2)
    at processTicksAndRejections (native:7:39) {
  generatedMessage: false,
  actual: [User],
  expected: undefined,
  operator: 'strictEqual',
  code: 'ERR_ASSERTION'
}
[FAIL] Test case 'Invalid name (too long)' failed: AssertionError [ERR_ASSERTION]: 'Invalid name (too long)' should not be findable after a failed creation.
[32m+ actual[39m [31m- expected[39m

[32m+[39m User {
[32m+[39m   age: 30,
[32m+[39m   name: 'ThisNameIsWayTooLongToBeValid'
[32m+[39m }
[31m-[39m undefined

    at main (/Users/shiheng/project/AetherScript/demo/src/index.ts:54:20)
    at main (/Users/shiheng/project/AetherScript/demo/src/index.ts:6:20)
    at /Users/shiheng/project/AetherScript/demo/src/index.ts:75
    at moduleEvaluation (native:1:11)
    at moduleEvaluation (native:1:11)
    at loadAndEvaluateModule (native:2)
    at processTicksAndRejections (native:7:39) {
  generatedMessage: false,
  actual: [User],
  expected: undefined,
  operator: 'strictEqual',
  code: 'ERR_ASSERTION'
}
[FAIL] Test case 'Invalid age (negative)' failed: AssertionError [ERR_ASSERTION]: 'Invalid age (negative)' should not be findable after a failed creation.
[32m+ actual[39m [31m- expected[39m

[32m+[39m User {
[32m+[39m   age: -1,
[32m+[39m   name: 'Bob'
[32m+[39m }
[31m-[39m undefined

    at main (/Users/shiheng/project/AetherScript/demo/src/index.ts:54:20)
    at main (/Users/shiheng/project/AetherScript/demo/src/index.ts:6:20)
    at /Users/shiheng/project/AetherScript/demo/src/index.ts:75
    at moduleEvaluation (native:1:11)
    at moduleEvaluation (native:1:11)
    at loadAndEvaluateModule (native:2)
    at processTicksAndRejections (native:7:39) {
  generatedMessage: false,
  actual: [User],
  expected: undefined,
  operator: 'strictEqual',
  code: 'ERR_ASSERTION'
}
[FAIL] Test case 'Invalid age (too high)' failed: AssertionError [ERR_ASSERTION]: 'Invalid age (too high)' should not be findable after a failed creation.
[32m+ actual[39m [31m- expected[39m

[32m+[39m User {
[32m+[39m   age: 121,
[32m+[39m   name: 'Charlie'
[32m+[39m }
[31m-[39m undefined

    at main (/Users/shiheng/project/AetherScript/demo/src/index.ts:54:20)
    at main (/Users/shiheng/project/AetherScript/demo/src/index.ts:6:20)
    at /Users/shiheng/project/AetherScript/demo/src/index.ts:75
    at moduleEvaluation (native:1:11)
    at moduleEvaluation (native:1:11)
    at loadAndEvaluateModule (native:2)
    at processTicksAndRejections (native:7:39) {
  generatedMessage: false,
  actual: [User],
  expected: undefined,
  operator: 'strictEqual',
  code: 'ERR_ASSERTION'
}
--------------------------

--- Test Run Summary ---
[FAIL] 4 test(s) failed.
error: script "start" exited with code 1
--------------- 
-> Iteration 66: FAILED
--- Running Test Iteration: 67/100 ---
-> Generating code...
-> Running application with assertions...
-> Iteration 67: SUCCESS
--- Running Test Iteration: 68/100 ---
-> Generating code...
-> Running application with assertions...
-> Iteration 68: SUCCESS
--- Running Test Iteration: 69/100 ---
-> Generating code...
-> Running application with assertions...
[ERROR] 'bun run start' exited with a non-zero status at iteration 69, indicating a test failure.
--- Run Log ---
$ bun src/index.ts
--- Application Start ---
UserService has been injected into UserController.

--- Testing Happy Path ---
[SUCCESS] Happy path test passed.
------------------------

--- Testing Validation ---
[FAIL] Test case 'Invalid name (too short)' failed: AssertionError [ERR_ASSERTION]: 'Invalid name (too short)' should not be findable after a failed creation.
[32m+ actual[39m [31m- expected[39m

[32m+[39m User {
[32m+[39m   age: 30,
[32m+[39m   name: 'Al'
[32m+[39m }
[31m-[39m undefined

    at main (/Users/shiheng/project/AetherScript/demo/src/index.ts:54:20)
    at main (/Users/shiheng/project/AetherScript/demo/src/index.ts:6:20)
    at /Users/shiheng/project/AetherScript/demo/src/index.ts:75
    at moduleEvaluation (native:1:11)
    at moduleEvaluation (native:1:11)
    at loadAndEvaluateModule (native:2)
    at processTicksAndRejections (native:7:39) {
  generatedMessage: false,
  actual: [User],
  expected: undefined,
  operator: 'strictEqual',
  code: 'ERR_ASSERTION'
}
[FAIL] Test case 'Invalid name (too long)' failed: AssertionError [ERR_ASSERTION]: 'Invalid name (too long)' should not be findable after a failed creation.
[32m+ actual[39m [31m- expected[39m

[32m+[39m User {
[32m+[39m   age: 30,
[32m+[39m   name: 'ThisNameIsWayTooLongToBeValid'
[32m+[39m }
[31m-[39m undefined

    at main (/Users/shiheng/project/AetherScript/demo/src/index.ts:54:20)
    at main (/Users/shiheng/project/AetherScript/demo/src/index.ts:6:20)
    at /Users/shiheng/project/AetherScript/demo/src/index.ts:75
    at moduleEvaluation (native:1:11)
    at moduleEvaluation (native:1:11)
    at loadAndEvaluateModule (native:2)
    at processTicksAndRejections (native:7:39) {
  generatedMessage: false,
  actual: [User],
  expected: undefined,
  operator: 'strictEqual',
  code: 'ERR_ASSERTION'
}
[FAIL] Test case 'Invalid age (negative)' failed: AssertionError [ERR_ASSERTION]: 'Invalid age (negative)' should not be findable after a failed creation.
[32m+ actual[39m [31m- expected[39m

[32m+[39m User {
[32m+[39m   age: -1,
[32m+[39m   name: 'Bob'
[32m+[39m }
[31m-[39m undefined

    at main (/Users/shiheng/project/AetherScript/demo/src/index.ts:54:20)
    at main (/Users/shiheng/project/AetherScript/demo/src/index.ts:6:20)
    at /Users/shiheng/project/AetherScript/demo/src/index.ts:75
    at moduleEvaluation (native:1:11)
    at moduleEvaluation (native:1:11)
    at loadAndEvaluateModule (native:2)
    at processTicksAndRejections (native:7:39) {
  generatedMessage: false,
  actual: [User],
  expected: undefined,
  operator: 'strictEqual',
  code: 'ERR_ASSERTION'
}
[FAIL] Test case 'Invalid age (too high)' failed: AssertionError [ERR_ASSERTION]: 'Invalid age (too high)' should not be findable after a failed creation.
[32m+ actual[39m [31m- expected[39m

[32m+[39m User {
[32m+[39m   age: 121,
[32m+[39m   name: 'Charlie'
[32m+[39m }
[31m-[39m undefined

    at main (/Users/shiheng/project/AetherScript/demo/src/index.ts:54:20)
    at main (/Users/shiheng/project/AetherScript/demo/src/index.ts:6:20)
    at /Users/shiheng/project/AetherScript/demo/src/index.ts:75
    at moduleEvaluation (native:1:11)
    at moduleEvaluation (native:1:11)
    at loadAndEvaluateModule (native:2)
    at processTicksAndRejections (native:7:39) {
  generatedMessage: false,
  actual: [User],
  expected: undefined,
  operator: 'strictEqual',
  code: 'ERR_ASSERTION'
}
--------------------------

--- Test Run Summary ---
[FAIL] 4 test(s) failed.
error: script "start" exited with code 1
--------------- 
-> Iteration 69: FAILED
--- Running Test Iteration: 70/100 ---
-> Generating code...
-> Running application with assertions...
-> Iteration 70: SUCCESS
--- Running Test Iteration: 71/100 ---
-> Generating code...
-> Running application with assertions...
[ERROR] 'bun run start' exited with a non-zero status at iteration 71, indicating a test failure.
--- Run Log ---
$ bun src/index.ts
--- Application Start ---
21 | 
22 |     public get<K extends keyof ServiceMap>(identifier: K): ServiceMap[K] {
23 |         if (!this.instances.has(identifier)) {
24 |             const factory = this.factories[identifier];
25 |             if (!factory) {
26 |                 throw new Error('Service not found for identifier: ' + identifier);
                           ^
error: Service not found for identifier: UserService
      at get (/Users/shiheng/project/AetherScript/demo/src/generated/container.ts:26:23)
      at main (/Users/shiheng/project/AetherScript/demo/src/index.ts:15:44)
      at main (/Users/shiheng/project/AetherScript/demo/src/index.ts:6:20)
      at /Users/shiheng/project/AetherScript/demo/src/index.ts:75:1
      at loadAndEvaluateModule (2:1)

Bun v1.2.16 (macOS arm64)
error: script "start" exited with code 1
--------------- 
-> Iteration 71: FAILED
--- Running Test Iteration: 72/100 ---
-> Generating code...
-> Running application with assertions...
-> Iteration 72: SUCCESS
--- Running Test Iteration: 73/100 ---
-> Generating code...
-> Running application with assertions...
[ERROR] 'bun run start' exited with a non-zero status at iteration 73, indicating a test failure.
--- Run Log ---
$ bun src/index.ts
--- Application Start ---
UserService has been injected into UserController.

--- Testing Happy Path ---
[SUCCESS] Happy path test passed.
------------------------

--- Testing Validation ---
[SUCCESS] Test case 'Invalid name (too short)' passed.
[SUCCESS] Test case 'Invalid name (too long)' passed.
[SUCCESS] Test case 'Invalid age (negative)' passed.
[FAIL] Test case 'Invalid age (too high)' failed: AssertionError [ERR_ASSERTION]: 'Invalid age (too high)' should not be findable after a failed creation.
[32m+ actual[39m [31m- expected[39m

[32m+[39m User {
[32m+[39m   age: 121,
[32m+[39m   name: 'Charlie'
[32m+[39m }
[31m-[39m undefined

    at main (/Users/shiheng/project/AetherScript/demo/src/index.ts:54:20)
    at main (/Users/shiheng/project/AetherScript/demo/src/index.ts:6:20)
    at /Users/shiheng/project/AetherScript/demo/src/index.ts:75
    at moduleEvaluation (native:1:11)
    at moduleEvaluation (native:1:11)
    at loadAndEvaluateModule (native:2)
    at processTicksAndRejections (native:7:39) {
  generatedMessage: false,
  actual: [User],
  expected: undefined,
  operator: 'strictEqual',
  code: 'ERR_ASSERTION'
}
--------------------------

--- Test Run Summary ---
[FAIL] 1 test(s) failed.
error: script "start" exited with code 1
--------------- 
-> Iteration 73: FAILED
--- Running Test Iteration: 74/100 ---
-> Generating code...
-> Running application with assertions...
[ERROR] 'bun run start' exited with a non-zero status at iteration 74, indicating a test failure.
--- Run Log ---
$ bun src/index.ts
--- Application Start ---
UserService has been injected into UserController.

--- Testing Happy Path ---
[SUCCESS] Happy path test passed.
------------------------

--- Testing Validation ---
[SUCCESS] Test case 'Invalid name (too short)' passed.
[SUCCESS] Test case 'Invalid name (too long)' passed.
[FAIL] Test case 'Invalid age (negative)' failed: AssertionError [ERR_ASSERTION]: 'Invalid age (negative)' should not be findable after a failed creation.
[32m+ actual[39m [31m- expected[39m

[32m+[39m User {
[32m+[39m   age: -1,
[32m+[39m   name: 'Bob'
[32m+[39m }
[31m-[39m undefined

    at main (/Users/shiheng/project/AetherScript/demo/src/index.ts:54:20)
    at main (/Users/shiheng/project/AetherScript/demo/src/index.ts:6:20)
    at /Users/shiheng/project/AetherScript/demo/src/index.ts:75
    at moduleEvaluation (native:1:11)
    at moduleEvaluation (native:1:11)
    at loadAndEvaluateModule (native:2)
    at processTicksAndRejections (native:7:39) {
  generatedMessage: false,
  actual: [User],
  expected: undefined,
  operator: 'strictEqual',
  code: 'ERR_ASSERTION'
}
[FAIL] Test case 'Invalid age (too high)' failed: AssertionError [ERR_ASSERTION]: 'Invalid age (too high)' should not be findable after a failed creation.
[32m+ actual[39m [31m- expected[39m

[32m+[39m User {
[32m+[39m   age: 121,
[32m+[39m   name: 'Charlie'
[32m+[39m }
[31m-[39m undefined

    at main (/Users/shiheng/project/AetherScript/demo/src/index.ts:54:20)
    at main (/Users/shiheng/project/AetherScript/demo/src/index.ts:6:20)
    at /Users/shiheng/project/AetherScript/demo/src/index.ts:75
    at moduleEvaluation (native:1:11)
    at moduleEvaluation (native:1:11)
    at loadAndEvaluateModule (native:2)
    at processTicksAndRejections (native:7:39) {
  generatedMessage: false,
  actual: [User],
  expected: undefined,
  operator: 'strictEqual',
  code: 'ERR_ASSERTION'
}
--------------------------

--- Test Run Summary ---
[FAIL] 2 test(s) failed.
error: script "start" exited with code 1
--------------- 
-> Iteration 74: FAILED
--- Running Test Iteration: 75/100 ---
-> Generating code...
-> Running application with assertions...
[ERROR] 'bun run start' exited with a non-zero status at iteration 75, indicating a test failure.
--- Run Log ---
$ bun src/index.ts
--- Application Start ---
21 | 
22 |     public get<K extends keyof ServiceMap>(identifier: K): ServiceMap[K] {
23 |         if (!this.instances.has(identifier)) {
24 |             const factory = this.factories[identifier];
25 |             if (!factory) {
26 |                 throw new Error('Service not found for identifier: ' + identifier);
                           ^
error: Service not found for identifier: UserService
      at get (/Users/shiheng/project/AetherScript/demo/src/generated/container.ts:26:23)
      at main (/Users/shiheng/project/AetherScript/demo/src/index.ts:15:44)
      at main (/Users/shiheng/project/AetherScript/demo/src/index.ts:6:20)
      at /Users/shiheng/project/AetherScript/demo/src/index.ts:75:1
      at loadAndEvaluateModule (2:1)

Bun v1.2.16 (macOS arm64)
error: script "start" exited with code 1
--------------- 
-> Iteration 75: FAILED
--- Running Test Iteration: 76/100 ---
-> Generating code...
-> Running application with assertions...
[ERROR] 'bun run start' exited with a non-zero status at iteration 76, indicating a test failure.
--- Run Log ---
$ bun src/index.ts
--- Application Start ---
21 | 
22 |     public get<K extends keyof ServiceMap>(identifier: K): ServiceMap[K] {
23 |         if (!this.instances.has(identifier)) {
24 |             const factory = this.factories[identifier];
25 |             if (!factory) {
26 |                 throw new Error('Service not found for identifier: ' + identifier);
                           ^
error: Service not found for identifier: UserService
      at get (/Users/shiheng/project/AetherScript/demo/src/generated/container.ts:26:23)
      at main (/Users/shiheng/project/AetherScript/demo/src/index.ts:15:44)
      at main (/Users/shiheng/project/AetherScript/demo/src/index.ts:6:20)
      at /Users/shiheng/project/AetherScript/demo/src/index.ts:75:1
      at loadAndEvaluateModule (2:1)

Bun v1.2.16 (macOS arm64)
error: script "start" exited with code 1
--------------- 
-> Iteration 76: FAILED
--- Running Test Iteration: 77/100 ---
-> Generating code...
-> Running application with assertions...
-> Iteration 77: SUCCESS
--- Running Test Iteration: 78/100 ---
-> Generating code...
-> Running application with assertions...
-> Iteration 78: SUCCESS
--- Running Test Iteration: 79/100 ---
-> Generating code...
-> Running application with assertions...
[ERROR] 'bun run start' exited with a non-zero status at iteration 79, indicating a test failure.
--- Run Log ---
$ bun src/index.ts
--- Application Start ---
21 | 
22 |     public get<K extends keyof ServiceMap>(identifier: K): ServiceMap[K] {
23 |         if (!this.instances.has(identifier)) {
24 |             const factory = this.factories[identifier];
25 |             if (!factory) {
26 |                 throw new Error('Service not found for identifier: ' + identifier);
                           ^
error: Service not found for identifier: UserService
      at get (/Users/shiheng/project/AetherScript/demo/src/generated/container.ts:26:23)
      at main (/Users/shiheng/project/AetherScript/demo/src/index.ts:15:44)
      at main (/Users/shiheng/project/AetherScript/demo/src/index.ts:6:20)
      at /Users/shiheng/project/AetherScript/demo/src/index.ts:75:1
      at loadAndEvaluateModule (2:1)

Bun v1.2.16 (macOS arm64)
error: script "start" exited with code 1
--------------- 
-> Iteration 79: FAILED
--- Running Test Iteration: 80/100 ---
-> Generating code...
-> Running application with assertions...
-> Iteration 80: SUCCESS
--- Running Test Iteration: 81/100 ---
-> Generating code...
-> Running application with assertions...
-> Iteration 81: SUCCESS
--- Running Test Iteration: 82/100 ---
-> Generating code...
-> Running application with assertions...
[ERROR] 'bun run start' exited with a non-zero status at iteration 82, indicating a test failure.
--- Run Log ---
$ bun src/index.ts
--- Application Start ---
21 | 
22 |     public get<K extends keyof ServiceMap>(identifier: K): ServiceMap[K] {
23 |         if (!this.instances.has(identifier)) {
24 |             const factory = this.factories[identifier];
25 |             if (!factory) {
26 |                 throw new Error('Service not found for identifier: ' + identifier);
                           ^
error: Service not found for identifier: UserService
      at get (/Users/shiheng/project/AetherScript/demo/src/generated/container.ts:26:23)
      at main (/Users/shiheng/project/AetherScript/demo/src/index.ts:15:44)
      at main (/Users/shiheng/project/AetherScript/demo/src/index.ts:6:20)
      at /Users/shiheng/project/AetherScript/demo/src/index.ts:75:1
      at loadAndEvaluateModule (2:1)

Bun v1.2.16 (macOS arm64)
error: script "start" exited with code 1
--------------- 
-> Iteration 82: FAILED
--- Running Test Iteration: 83/100 ---
-> Generating code...
-> Running application with assertions...
[ERROR] 'bun run start' exited with a non-zero status at iteration 83, indicating a test failure.
--- Run Log ---
$ bun src/index.ts
--- Application Start ---
21 | 
22 |     public get<K extends keyof ServiceMap>(identifier: K): ServiceMap[K] {
23 |         if (!this.instances.has(identifier)) {
24 |             const factory = this.factories[identifier];
25 |             if (!factory) {
26 |                 throw new Error('Service not found for identifier: ' + identifier);
                           ^
error: Service not found for identifier: UserService
      at get (/Users/shiheng/project/AetherScript/demo/src/generated/container.ts:26:23)
      at main (/Users/shiheng/project/AetherScript/demo/src/index.ts:15:44)
      at main (/Users/shiheng/project/AetherScript/demo/src/index.ts:6:20)
      at /Users/shiheng/project/AetherScript/demo/src/index.ts:75:1
      at loadAndEvaluateModule (2:1)

Bun v1.2.16 (macOS arm64)
error: script "start" exited with code 1
--------------- 
-> Iteration 83: FAILED
--- Running Test Iteration: 84/100 ---
-> Generating code...
-> Running application with assertions...
[ERROR] 'bun run start' exited with a non-zero status at iteration 84, indicating a test failure.
--- Run Log ---
$ bun src/index.ts
--- Application Start ---
UserService has been injected into UserController.

--- Testing Happy Path ---
[SUCCESS] Happy path test passed.
------------------------

--- Testing Validation ---
[FAIL] Test case 'Invalid name (too short)' failed: AssertionError [ERR_ASSERTION]: 'Invalid name (too short)' should not be findable after a failed creation.
[32m+ actual[39m [31m- expected[39m

[32m+[39m User {
[32m+[39m   age: 30,
[32m+[39m   name: 'Al'
[32m+[39m }
[31m-[39m undefined

    at main (/Users/shiheng/project/AetherScript/demo/src/index.ts:54:20)
    at main (/Users/shiheng/project/AetherScript/demo/src/index.ts:6:20)
    at /Users/shiheng/project/AetherScript/demo/src/index.ts:75
    at moduleEvaluation (native:1:11)
    at moduleEvaluation (native:1:11)
    at loadAndEvaluateModule (native:2)
    at processTicksAndRejections (native:7:39) {
  generatedMessage: false,
  actual: [User],
  expected: undefined,
  operator: 'strictEqual',
  code: 'ERR_ASSERTION'
}
[FAIL] Test case 'Invalid name (too long)' failed: AssertionError [ERR_ASSERTION]: 'Invalid name (too long)' should not be findable after a failed creation.
[32m+ actual[39m [31m- expected[39m

[32m+[39m User {
[32m+[39m   age: 30,
[32m+[39m   name: 'ThisNameIsWayTooLongToBeValid'
[32m+[39m }
[31m-[39m undefined

    at main (/Users/shiheng/project/AetherScript/demo/src/index.ts:54:20)
    at main (/Users/shiheng/project/AetherScript/demo/src/index.ts:6:20)
    at /Users/shiheng/project/AetherScript/demo/src/index.ts:75
    at moduleEvaluation (native:1:11)
    at moduleEvaluation (native:1:11)
    at loadAndEvaluateModule (native:2)
    at processTicksAndRejections (native:7:39) {
  generatedMessage: false,
  actual: [User],
  expected: undefined,
  operator: 'strictEqual',
  code: 'ERR_ASSERTION'
}
[FAIL] Test case 'Invalid age (negative)' failed: AssertionError [ERR_ASSERTION]: 'Invalid age (negative)' should not be findable after a failed creation.
[32m+ actual[39m [31m- expected[39m

[32m+[39m User {
[32m+[39m   age: -1,
[32m+[39m   name: 'Bob'
[32m+[39m }
[31m-[39m undefined

    at main (/Users/shiheng/project/AetherScript/demo/src/index.ts:54:20)
    at main (/Users/shiheng/project/AetherScript/demo/src/index.ts:6:20)
    at /Users/shiheng/project/AetherScript/demo/src/index.ts:75
    at moduleEvaluation (native:1:11)
    at moduleEvaluation (native:1:11)
    at loadAndEvaluateModule (native:2)
    at processTicksAndRejections (native:7:39) {
  generatedMessage: false,
  actual: [User],
  expected: undefined,
  operator: 'strictEqual',
  code: 'ERR_ASSERTION'
}
[FAIL] Test case 'Invalid age (too high)' failed: AssertionError [ERR_ASSERTION]: 'Invalid age (too high)' should not be findable after a failed creation.
[32m+ actual[39m [31m- expected[39m

[32m+[39m User {
[32m+[39m   age: 121,
[32m+[39m   name: 'Charlie'
[32m+[39m }
[31m-[39m undefined

    at main (/Users/shiheng/project/AetherScript/demo/src/index.ts:54:20)
    at main (/Users/shiheng/project/AetherScript/demo/src/index.ts:6:20)
    at /Users/shiheng/project/AetherScript/demo/src/index.ts:75
    at moduleEvaluation (native:1:11)
    at moduleEvaluation (native:1:11)
    at loadAndEvaluateModule (native:2)
    at processTicksAndRejections (native:7:39) {
  generatedMessage: false,
  actual: [User],
  expected: undefined,
  operator: 'strictEqual',
  code: 'ERR_ASSERTION'
}
--------------------------

--- Test Run Summary ---
[FAIL] 4 test(s) failed.
error: script "start" exited with code 1
--------------- 
-> Iteration 84: FAILED
--- Running Test Iteration: 85/100 ---
-> Generating code...
-> Running application with assertions...
-> Iteration 85: SUCCESS
--- Running Test Iteration: 86/100 ---
-> Generating code...
-> Running application with assertions...
[ERROR] 'bun run start' exited with a non-zero status at iteration 86, indicating a test failure.
--- Run Log ---
$ bun src/index.ts
--- Application Start ---
21 | 
22 |     public get<K extends keyof ServiceMap>(identifier: K): ServiceMap[K] {
23 |         if (!this.instances.has(identifier)) {
24 |             const factory = this.factories[identifier];
25 |             if (!factory) {
26 |                 throw new Error('Service not found for identifier: ' + identifier);
                           ^
error: Service not found for identifier: UserService
      at get (/Users/shiheng/project/AetherScript/demo/src/generated/container.ts:26:23)
      at main (/Users/shiheng/project/AetherScript/demo/src/index.ts:15:44)
      at main (/Users/shiheng/project/AetherScript/demo/src/index.ts:6:20)
      at /Users/shiheng/project/AetherScript/demo/src/index.ts:75:1
      at loadAndEvaluateModule (2:1)

Bun v1.2.16 (macOS arm64)
error: script "start" exited with code 1
--------------- 
-> Iteration 86: FAILED
--- Running Test Iteration: 87/100 ---
-> Generating code...
-> Running application with assertions...
[ERROR] 'bun run start' exited with a non-zero status at iteration 87, indicating a test failure.
--- Run Log ---
$ bun src/index.ts
--- Application Start ---
21 | 
22 |     public get<K extends keyof ServiceMap>(identifier: K): ServiceMap[K] {
23 |         if (!this.instances.has(identifier)) {
24 |             const factory = this.factories[identifier];
25 |             if (!factory) {
26 |                 throw new Error('Service not found for identifier: ' + identifier);
                           ^
error: Service not found for identifier: UserService
      at get (/Users/shiheng/project/AetherScript/demo/src/generated/container.ts:26:23)
      at main (/Users/shiheng/project/AetherScript/demo/src/index.ts:15:44)
      at main (/Users/shiheng/project/AetherScript/demo/src/index.ts:6:20)
      at /Users/shiheng/project/AetherScript/demo/src/index.ts:75:1
      at loadAndEvaluateModule (2:1)

Bun v1.2.16 (macOS arm64)
error: script "start" exited with code 1
--------------- 
-> Iteration 87: FAILED
--- Running Test Iteration: 88/100 ---
-> Generating code...
-> Running application with assertions...
-> Iteration 88: SUCCESS
--- Running Test Iteration: 89/100 ---
-> Generating code...
-> Running application with assertions...
-> Iteration 89: SUCCESS
--- Running Test Iteration: 90/100 ---
-> Generating code...
-> Running application with assertions...
-> Iteration 90: SUCCESS
--- Running Test Iteration: 91/100 ---
-> Generating code...
-> Running application with assertions...
-> Iteration 91: SUCCESS
--- Running Test Iteration: 92/100 ---
-> Generating code...
-> Running application with assertions...
-> Iteration 92: SUCCESS
--- Running Test Iteration: 93/100 ---
-> Generating code...
-> Running application with assertions...
[ERROR] 'bun run start' exited with a non-zero status at iteration 93, indicating a test failure.
--- Run Log ---
$ bun src/index.ts
--- Application Start ---
UserService has been injected into UserController.

--- Testing Happy Path ---
[SUCCESS] Happy path test passed.
------------------------

--- Testing Validation ---
[FAIL] Test case 'Invalid name (too short)' failed: AssertionError [ERR_ASSERTION]: 'Invalid name (too short)' should not be findable after a failed creation.
[32m+ actual[39m [31m- expected[39m

[32m+[39m User {
[32m+[39m   age: 30,
[32m+[39m   name: 'Al'
[32m+[39m }
[31m-[39m undefined

    at main (/Users/shiheng/project/AetherScript/demo/src/index.ts:54:20)
    at main (/Users/shiheng/project/AetherScript/demo/src/index.ts:6:20)
    at /Users/shiheng/project/AetherScript/demo/src/index.ts:75
    at moduleEvaluation (native:1:11)
    at moduleEvaluation (native:1:11)
    at loadAndEvaluateModule (native:2)
    at processTicksAndRejections (native:7:39) {
  generatedMessage: false,
  actual: [User],
  expected: undefined,
  operator: 'strictEqual',
  code: 'ERR_ASSERTION'
}
[FAIL] Test case 'Invalid name (too long)' failed: AssertionError [ERR_ASSERTION]: 'Invalid name (too long)' should not be findable after a failed creation.
[32m+ actual[39m [31m- expected[39m

[32m+[39m User {
[32m+[39m   age: 30,
[32m+[39m   name: 'ThisNameIsWayTooLongToBeValid'
[32m+[39m }
[31m-[39m undefined

    at main (/Users/shiheng/project/AetherScript/demo/src/index.ts:54:20)
    at main (/Users/shiheng/project/AetherScript/demo/src/index.ts:6:20)
    at /Users/shiheng/project/AetherScript/demo/src/index.ts:75
    at moduleEvaluation (native:1:11)
    at moduleEvaluation (native:1:11)
    at loadAndEvaluateModule (native:2)
    at processTicksAndRejections (native:7:39) {
  generatedMessage: false,
  actual: [User],
  expected: undefined,
  operator: 'strictEqual',
  code: 'ERR_ASSERTION'
}
[FAIL] Test case 'Invalid age (negative)' failed: AssertionError [ERR_ASSERTION]: 'Invalid age (negative)' should not be findable after a failed creation.
[32m+ actual[39m [31m- expected[39m

[32m+[39m User {
[32m+[39m   age: -1,
[32m+[39m   name: 'Bob'
[32m+[39m }
[31m-[39m undefined

    at main (/Users/shiheng/project/AetherScript/demo/src/index.ts:54:20)
    at main (/Users/shiheng/project/AetherScript/demo/src/index.ts:6:20)
    at /Users/shiheng/project/AetherScript/demo/src/index.ts:75
    at moduleEvaluation (native:1:11)
    at moduleEvaluation (native:1:11)
    at loadAndEvaluateModule (native:2)
    at processTicksAndRejections (native:7:39) {
  generatedMessage: false,
  actual: [User],
  expected: undefined,
  operator: 'strictEqual',
  code: 'ERR_ASSERTION'
}
[FAIL] Test case 'Invalid age (too high)' failed: AssertionError [ERR_ASSERTION]: 'Invalid age (too high)' should not be findable after a failed creation.
[32m+ actual[39m [31m- expected[39m

[32m+[39m User {
[32m+[39m   age: 121,
[32m+[39m   name: 'Charlie'
[32m+[39m }
[31m-[39m undefined

    at main (/Users/shiheng/project/AetherScript/demo/src/index.ts:54:20)
    at main (/Users/shiheng/project/AetherScript/demo/src/index.ts:6:20)
    at /Users/shiheng/project/AetherScript/demo/src/index.ts:75
    at moduleEvaluation (native:1:11)
    at moduleEvaluation (native:1:11)
    at loadAndEvaluateModule (native:2)
    at processTicksAndRejections (native:7:39) {
  generatedMessage: false,
  actual: [User],
  expected: undefined,
  operator: 'strictEqual',
  code: 'ERR_ASSERTION'
}
--------------------------

--- Test Run Summary ---
[FAIL] 4 test(s) failed.
error: script "start" exited with code 1
--------------- 
-> Iteration 93: FAILED
--- Running Test Iteration: 94/100 ---
-> Generating code...
-> Running application with assertions...
[ERROR] 'bun run start' exited with a non-zero status at iteration 94, indicating a test failure.
--- Run Log ---
$ bun src/index.ts
--- Application Start ---
21 | 
22 |     public get<K extends keyof ServiceMap>(identifier: K): ServiceMap[K] {
23 |         if (!this.instances.has(identifier)) {
24 |             const factory = this.factories[identifier];
25 |             if (!factory) {
26 |                 throw new Error('Service not found for identifier: ' + identifier);
                           ^
error: Service not found for identifier: UserService
      at get (/Users/shiheng/project/AetherScript/demo/src/generated/container.ts:26:23)
      at main (/Users/shiheng/project/AetherScript/demo/src/index.ts:15:44)
      at main (/Users/shiheng/project/AetherScript/demo/src/index.ts:6:20)
      at /Users/shiheng/project/AetherScript/demo/src/index.ts:75:1
      at loadAndEvaluateModule (2:1)

Bun v1.2.16 (macOS arm64)
error: script "start" exited with code 1
--------------- 
-> Iteration 94: FAILED
--- Running Test Iteration: 95/100 ---
-> Generating code...
-> Running application with assertions...
[ERROR] 'bun run start' exited with a non-zero status at iteration 95, indicating a test failure.
--- Run Log ---
$ bun src/index.ts
--- Application Start ---
21 | 
22 |     public get<K extends keyof ServiceMap>(identifier: K): ServiceMap[K] {
23 |         if (!this.instances.has(identifier)) {
24 |             const factory = this.factories[identifier];
25 |             if (!factory) {
26 |                 throw new Error('Service not found for identifier: ' + identifier);
                           ^
error: Service not found for identifier: UserService
      at get (/Users/shiheng/project/AetherScript/demo/src/generated/container.ts:26:23)
      at main (/Users/shiheng/project/AetherScript/demo/src/index.ts:15:44)
      at main (/Users/shiheng/project/AetherScript/demo/src/index.ts:6:20)
      at /Users/shiheng/project/AetherScript/demo/src/index.ts:75:1
      at loadAndEvaluateModule (2:1)

Bun v1.2.16 (macOS arm64)
error: script "start" exited with code 1
--------------- 
-> Iteration 95: FAILED
--- Running Test Iteration: 96/100 ---
-> Generating code...
-> Running application with assertions...
-> Iteration 96: SUCCESS
--- Running Test Iteration: 97/100 ---
-> Generating code...
-> Running application with assertions...
-> Iteration 97: SUCCESS
--- Running Test Iteration: 98/100 ---
-> Generating code...
-> Running application with assertions...
-> Iteration 98: SUCCESS
--- Running Test Iteration: 99/100 ---
-> Generating code...
-> Running application with assertions...
[ERROR] 'bun run start' exited with a non-zero status at iteration 99, indicating a test failure.
--- Run Log ---
$ bun src/index.ts
--- Application Start ---
UserService has been injected into UserController.

--- Testing Happy Path ---
[SUCCESS] Happy path test passed.
------------------------

--- Testing Validation ---
[SUCCESS] Test case 'Invalid name (too short)' passed.
[SUCCESS] Test case 'Invalid name (too long)' passed.
[SUCCESS] Test case 'Invalid age (negative)' passed.
[FAIL] Test case 'Invalid age (too high)' failed: AssertionError [ERR_ASSERTION]: 'Invalid age (too high)' should not be findable after a failed creation.
[32m+ actual[39m [31m- expected[39m

[32m+[39m User {
[32m+[39m   age: 121,
[32m+[39m   name: 'Charlie'
[32m+[39m }
[31m-[39m undefined

    at main (/Users/shiheng/project/AetherScript/demo/src/index.ts:54:20)
    at main (/Users/shiheng/project/AetherScript/demo/src/index.ts:6:20)
    at /Users/shiheng/project/AetherScript/demo/src/index.ts:75
    at moduleEvaluation (native:1:11)
    at moduleEvaluation (native:1:11)
    at loadAndEvaluateModule (native:2)
    at processTicksAndRejections (native:7:39) {
  generatedMessage: false,
  actual: [User],
  expected: undefined,
  operator: 'strictEqual',
  code: 'ERR_ASSERTION'
}
--------------------------

--- Test Run Summary ---
[FAIL] 1 test(s) failed.
error: script "start" exited with code 1
--------------- 
-> Iteration 99: FAILED
--- Running Test Iteration: 100/100 ---
-> Generating code...
-> Running application with assertions...
-> Iteration 100: SUCCESS

--- Test Run Complete ---
Total Iterations: 100
Successful Runs:  57
Failed Runs:      43
-------------------------
